root - ERROR - savagecbd.com
root - ERROR - kingdomtel.com
root - ERROR - saintmlc.com
root - ERROR - sonomastarparty.com
root - ERROR - triadstage.org
root - ERROR - truesdail.com
root - ERROR - thespiritofblackjackmountain.com
root - ERROR - csccpas.com
root - ERROR - liftsouth.com
root - ERROR - howardinsuranceinc.com
root - ERROR - ageinplaceofnewengland.com
root - ERROR - melaniericcardi.com
root - ERROR - ibex.us.com
root - ERROR - seahawkmuffler.com
root - ERROR - dbfcc.com
root - ERROR - onefinedayproductions.com
root - ERROR - plainsmanswitching.com
root - ERROR - stylemultimedia.com
root - ERROR - dairyagendatoday.com
root - ERROR - americanconcretetrucking.com
root - ERROR - jonesmachine.com
root - ERROR - lotussalonny.com
root - ERROR - endries.com
root - ERROR - deloach.com
root - ERROR - garagedoorrepair-sierramadre.com
root - ERROR - securecdp.com
root - ERROR - branchcolonialhouse.com
root - ERROR - 30aproperties4sale.com
root - ERROR - individualbizsolutions.com
root - ERROR - isell30a.com
root - ERROR - scparanormal.com
root - ERROR - lgsbythecreek.com
root - ERROR - gardenscapetransport.com
root - ERROR - johnwhansen.com
root - ERROR - jornadaogia.com
root - ERROR - bellastonecare.com
root - ERROR - dallasprowebdesigners.com
root - ERROR - madmikeandfriends.com
root - ERROR - restaurant-roswellga.com
root - ERROR - racecarshocks.com
root - ERROR - tstventures.com
root - ERROR - houma-rentals.com
root - ERROR - pearlleather.com
root - ERROR - motion-labs.com
root - ERROR - rosesacrossamerica.com
root - ERROR - textbooksolutions.com
root - ERROR - genero.us
root - ERROR - sysbytc.com
root - ERROR - bestwebhosting.com
root - ERROR - isetoday.com
root - ERROR - millspacktrips.com
root - ERROR - sacredbrewing.com
root - ERROR - techsea.com
root - ERROR - shopcapitalhatters.com
root - ERROR - copyarmy.com
root - ERROR - scottklareichdds.com
root - ERROR - nemesisinteractive.com
root - ERROR - suresigngraphics.com
root - ERROR - hodgsonsinc.com
root - ERROR - aimnorth.com
root - ERROR - myrollingoaksapartments.com
root - ERROR - wingchungainesville.com
root - ERROR - amaurisilva.com
root - ERROR - aprexec.com
root - ERROR - seachangeprogram.org
root - ERROR - barrierlining.com
root - ERROR - toroslawnmower.com
root - ERROR - genebellassociates.com
root - ERROR - drbangert.com
root - ERROR - michellebrumley.com
root - ERROR - servemenow.org
root - ERROR - watershedmaterials.com
root - ERROR - dawnequipment.us
root - ERROR - excellandscapemgmt.com
root - ERROR - masterstch.com
root - ERROR - txinsight.com
root - ERROR - tcwrcmoldremoval.com
root - ERROR - binghamtoncustomtshirts.com
root - ERROR - banknsb.com
root - ERROR - tarynreed.com
root - ERROR - aurasalonnashville.com
root - ERROR - upstatetelecom.com
root - ERROR - heavensbestofbirmingham.com
root - ERROR - tulsadoorman.com
root - ERROR - abc-assembly.com
root - ERROR - tenderle.org
root - ERROR - thehuntsvilledentist.com
root - ERROR - thewokdallastx.com
root - ERROR - cphconsultants.com
root - ERROR - selectcore.com
root - ERROR - tagatuci.com
root - ERROR - tudorpickering.com
root - ERROR - pruitt-igoebeesanctuary.com
root - ERROR - petiteflowerssanantonio.com
root - ERROR - l4sg.com
root - ERROR - interimlender.com
root - ERROR - paisansrest.com
root - ERROR - chasepropertyllc.com
root - ERROR - xraydocs.com
root - ERROR - lovethypetbklyn.com
root - ERROR - jillkonrath.com
root - ERROR - ccslableaks.com
root - ERROR - componentsignage.com
root - ERROR - losangelespest.com
root - ERROR - 1stopmodelshoots.com
root - ERROR - appcasual.net
root - ERROR - scoreboardmn.com
root - ERROR - littletrendsetter.com
root - ERROR - airform.co
root - ERROR - usfaiu.com
root - ERROR - marylandlanguage.com
root - ERROR - joejohnstattoos.com
root - ERROR - chrislowry.com
root - ERROR - tapestrips.com
root - ERROR - plurfectinc.com
root - ERROR - curekc.org
root - ERROR - accu-profile.com
root - ERROR - toandr.com
root - ERROR - alphamedaesthetics.com
root - ERROR - complimentarycrap.com
root - ERROR - designcontractservices.com
root - ERROR - brooksidechapelfh.com
root - ERROR - jeffersonatplymouthapartments.com
root - ERROR - ateras.com
root - ERROR - sidebysideclubhouse.org
root - ERROR - thordieselclub.org
root - ERROR - emsono.com
root - ERROR - trockilaw.com
root - ERROR - rtc-c.com
root - ERROR - globalsuccess-club.net
root - ERROR - projektadler.com
root - ERROR - sommerwiewinter.com
root - ERROR - hotel-sprenz.de
root - ERROR - maessorrstructorr.com
root - ERROR - the-wedding-brothers.com
root - ERROR - cbk.de
root - ERROR - begehbares-glas.com
root - ERROR - ad-vanced.de
root - ERROR - musicals-4-you.de
root - ERROR - rowiak.de
root - ERROR - inbalance-yoga.net
root - ERROR - famastiltaurus.com
root - ERROR - running-wild.de
root - ERROR - orbitlog.com
root - ERROR - co2-meter.net
root - ERROR - garnetbag.com
root - ERROR - blackpearlfilm.com
root - ERROR - treesidemusic.com
root - ERROR - wotechsolar.com
root - ERROR - dr-estrich.com
root - ERROR - dectomusic.com
root - ERROR - hundekoerbchen-kaufen.de
root - ERROR - co2drybath.com
root - ERROR - opencore.com
root - ERROR - datamonk.com
root - ERROR - sld.gs
root - ERROR - joinairbank.com
root - ERROR - wende-ingenieure.com
root - ERROR - fs-etit.de
root - ERROR - private-arbeitsagentur.eu
root - ERROR - elsa-frankfurt.de
root - ERROR - sumuphosting.com
root - ERROR - everbase.net
root - ERROR - ortholutions.de
root - ERROR - hochseilgarten-neutraubling.net
root - ERROR - secret-music.net
root - ERROR - 4dgo.de
root - ERROR - european-knight-academy.com
root - ERROR - mooc-beratung.de
root - ERROR - berenberg.de
root - ERROR - in-chemnitz.de
root - ERROR - joeusa.com
root - ERROR - dokdoor.com
root - ERROR - bolupu.com
root - ERROR - spanndeckenstudio.de
root - ERROR - krimidinner-trier.com
root - ERROR - imaos.de
root - ERROR - farinda-club.de
root - ERROR - eprairie.com
root - ERROR - schnatterer.com
root - ERROR - reefcheck.de
root - ERROR - altec-cs.com
root - ERROR - provideunion.com
root - ERROR - rictv.de
root - ERROR - ideas-hamburg.de
root - ERROR - lintec-gmbh.de
root - ERROR - stickybiscuits.com
root - ERROR - windowspro.de
root - ERROR - protosoft.de
root - ERROR - istapower.de
root - ERROR - ihc-solutions.de
root - ERROR - gletschercola.de
root - ERROR - miltonkeynesphotography.com
root - ERROR - lionheart-security.co.uk
root - ERROR - theveryend.net
root - ERROR - connaughthousehotel.com
root - ERROR - cforl.co.uk
root - ERROR - profit-loss.com
root - ERROR - fpsgconnect.co.uk
root - ERROR - slipstreammarketing.co.uk
root - ERROR - farshidmoussaviarchitecture.com
root - ERROR - logis-tech.co.uk
root - ERROR - mcaaviation.com
root - ERROR - bannerfy.com
root - ERROR - falmouthhotels.co.uk
root - ERROR - livias.co.uk
root - ERROR - holiday-home-rentals.co.uk
root - ERROR - buyorganic.co.uk
root - ERROR - metfilm.co.uk
root - ERROR - nationalgridusaco.com
root - ERROR - tritonrestoration.co.uk
root - ERROR - m2msecuritysims.com
root - ERROR - voodoovaudeville.com
root - ERROR - reemjewellers.com
root - ERROR - salaequilibrio.com
root - ERROR - wellnessinmotion.co.uk
root - ERROR - neudrive.com
root - ERROR - ngagephotography.com
root - ERROR - superyachtuniforms.com
root - ERROR - chepstowhotels.co.uk
root - ERROR - predictablesales.com
root - ERROR - telelease.com
root - ERROR - watkinspayne.co.uk
root - ERROR - stcltd.co.uk
root - ERROR - gighahalibut.co.uk
root - ERROR - acorn-training.com
root - ERROR - balkongmobler-guide.com
root - ERROR - thefundingco.co.uk
root - ERROR - wardblawg.com
root - ERROR - pelgar.co.uk
root - ERROR - bodyboarding-shop.co.uk
root - ERROR - slatersports.com
root - ERROR - futurumltd.co.uk
root - ERROR - propertymall.com
root - ERROR - stonebridgegolf.co.uk
root - ERROR - pirean.com
root - ERROR - devoted2home.co.uk
root - ERROR - kingsmead-school.com
root - ERROR - hiteluk.com
root - ERROR - ilovethisshop.co.uk
root - ERROR - marketingunity.com
root - ERROR - pompdefranc.co.uk
root - ERROR - lollie.co.uk
root - ERROR - josephandkhansolicitors.com
root - ERROR - spreadgoodvibes.co.uk
root - ERROR - prospecttraining.co.uk
root - ERROR - mooresecure.co.uk
root - ERROR - pctengineering.co.uk
root - ERROR - daymer.com
root - ERROR - butlerz.co.uk
root - ERROR - castang-wines.co.uk
root - ERROR - snsg.co.uk
root - ERROR - screeninguk.com
root - ERROR - rbkc.gov.uk
root - ERROR - babyfat.co.uk
root - ERROR - modern-office.co.uk
root - ERROR - artbronze.co.uk
root - ERROR - pepper.so
root - ERROR - centric-advisors.co.uk
root - ERROR - fellowsmc.co.uk
root - ERROR - rostrevorholidays.com
root - ERROR - obsidianir.com
root - ERROR - ocultd.co.uk
root - ERROR - languagebusiness.co.uk
root - ERROR - dhsigns.co.uk
root - ERROR - hochschildmining.com
root - ERROR - laplacesolutions.com
root - ERROR - indigoone.co.uk
root - ERROR - britanniatowers.co.uk
root - ERROR - brizebox.com
root - ERROR - purepic.co.uk
root - ERROR - cassette2cd.co.uk
root - ERROR - dunnsfoodanddrinks.co.uk
root - ERROR - fanplay4sports.com
root - ERROR - theacupuncturestudio.webs.com
root - ERROR - 1stforairportparkinguk.co.uk
root - ERROR - rachaeltroughton.com
root - ERROR - newbridgegreen.com
root - ERROR - theoutletclub.com
root - ERROR - rhi-stitched.com
root - ERROR - intellegentia.co.uk
root - ERROR - hevva.co.uk
root - ERROR - bathroomslocally.co.uk
root - ERROR - tedxbristol.com
root - ERROR - worldconferencecalendar.com
root - ERROR - girtonphysio.co.uk
root - ERROR - fishtank.cc
root - ERROR - langham-hotel.com
root - ERROR - blancmind.com
root - ERROR - altirium.com
root - ERROR - ffsreferee.co.uk
root - ERROR - cablemonkey.co.uk
root - ERROR - hillsounduk.com
root - ERROR - coochycoonappycakes.co.uk
root - ERROR - clarkfoysterwines.co.uk
root - ERROR - caritassalford.org.uk
root - ERROR - hackaball.com
root - ERROR - cjei.co.uk
root - ERROR - heritageconservatories.co.uk
root - ERROR - nuvoteq.cloud
root - ERROR - sw-electrical.co.uk
root - ERROR - wearecameron.com
urllib3.connectionpool - WARNING - Retrying (Retry(total=1, connect=None, read=None, redirect=None, status=None)) after connection broken by 'ReadTimeoutError("HTTPSConnectionPool(host='nominatim.openstreetmap.org', port=443): Read timed out. (read timeout=5)")': /search?q=5501+Walnut+Street&format=json&limit=1&addressdetails=1
urllib3.connectionpool - WARNING - Retrying (Retry(total=1, connect=None, read=None, redirect=None, status=None)) after connection broken by 'ReadTimeoutError("HTTPSConnectionPool(host='nominatim.openstreetmap.org', port=443): Read timed out. (read timeout=1)")': /search?q=62208&format=json&limit=1
urllib3.connectionpool - WARNING - Retrying (Retry(total=1, connect=None, read=None, redirect=None, status=None)) after connection broken by 'ReadTimeoutError("HTTPSConnectionPool(host='nominatim.openstreetmap.org', port=443): Read timed out. (read timeout=5)")': /search?q=+701+W.+Main+St.&format=json&limit=1&addressdetails=1
urllib3.connectionpool - WARNING - Retrying (Retry(total=1, connect=None, read=None, redirect=None, status=None)) after connection broken by 'ReadTimeoutError("HTTPSConnectionPool(host='nominatim.openstreetmap.org', port=443): Read timed out. (read timeout=5)")': /search?q=827+Front+Street&format=json&limit=1&addressdetails=1
urllib3.connectionpool - WARNING - Retrying (Retry(total=1, connect=None, read=None, redirect=None, status=None)) after connection broken by 'ReadTimeoutError("HTTPSConnectionPool(host='nominatim.openstreetmap.org', port=443): Read timed out. (read timeout=5)")': /search?q=77+Church%C2%A0St.&format=json&limit=1&addressdetails=1
urllib3.connectionpool - WARNING - Retrying (Retry(total=1, connect=None, read=None, redirect=None, status=None)) after connection broken by 'ReadTimeoutError("HTTPSConnectionPool(host='nominatim.openstreetmap.org', port=443): Read timed out. (read timeout=5)")': /search?q=+148+E.+Main+Street+&format=json&limit=1&addressdetails=1
urllib3.connectionpool - WARNING - Retrying (Retry(total=1, connect=None, read=None, redirect=None, status=None)) after connection broken by 'ReadTimeoutError("HTTPSConnectionPool(host='nominatim.openstreetmap.org', port=443): Read timed out. (read timeout=5)")': /search?q=401+S+High+Street&format=json&limit=1&addressdetails=1
urllib3.connectionpool - WARNING - Retrying (Retry(total=1, connect=None, read=None, redirect=None, status=None)) after connection broken by 'ReadTimeoutError("HTTPSConnectionPool(host='nominatim.openstreetmap.org', port=443): Read timed out. (read timeout=5)")': /search?q=66+South+Main+Street&format=json&limit=1&addressdetails=1
urllib3.connectionpool - WARNING - Retrying (Retry(total=1, connect=None, read=None, redirect=None, status=None)) after connection broken by 'ReadTimeoutError("HTTPSConnectionPool(host='nominatim.openstreetmap.org', port=443): Read timed out. (read timeout=5)")': /search?q=511+N.+Main+St.&format=json&limit=1&addressdetails=1
urllib3.connectionpool - WARNING - Retrying (Retry(total=0, connect=None, read=None, redirect=None, status=None)) after connection broken by 'ReadTimeoutError("HTTPSConnectionPool(host='nominatim.openstreetmap.org', port=443): Read timed out. (read timeout=5)")': /search?q=511+N.+Main+St.&format=json&limit=1&addressdetails=1
urllib3.connectionpool - WARNING - Retrying (Retry(total=1, connect=None, read=None, redirect=None, status=None)) after connection broken by 'ReadTimeoutError("HTTPSConnectionPool(host='nominatim.openstreetmap.org', port=443): Read timed out. (read timeout=1)")': /search?q=72768&format=json&limit=1
urllib3.connectionpool - WARNING - Retrying (Retry(total=1, connect=None, read=None, redirect=None, status=None)) after connection broken by 'ReadTimeoutError("HTTPSConnectionPool(host='nominatim.openstreetmap.org', port=443): Read timed out. (read timeout=1)")': /search?q=44782-4388&format=json&limit=1
